Build started 2011-02-03 00:43:06.
     1>Project "C:\Users\Ace\Documents\Visual Studio 2010\Projects\ninjad\ninjad\ninjad.vcxproj" on node 2 (build target(s)).
     1>InitializeBuildStatus:
         Creating "Debug\ninjad.unsuccessfulbuild" because "AlwaysCreate" was specified.
       ClCompile:
         C:\Program Files (x86)\Microsoft Visual Studio 10.0\VC\bin\CL.exe /c /I.\include\ /ZI /nologo /W3 /WX- /Od /Oy- /D _MBCS /Gm /EHsc /RTC1 /MDd /GS /fp:precise /Zc:wchar_t /Zc:forScope /Fo"Debug\\" /Fd"Debug\vc100.pdb" /Gd /TP /analyze- /errorReport:prompt src\Game.cpp
         Game.cpp
       Link:
         C:\Program Files (x86)\Microsoft Visual Studio 10.0\VC\bin\link.exe /ERRORREPORT:PROMPT /OUT:".\build\ninjad.exe" /NOLOGO /LIBPATH:.\lib\ "sfml-graphics-s-d.lib" "sfml-window-s-d.lib" "sfml-system-s-d.lib" kernel32.lib user32.lib gdi32.lib winspool.lib comdlg32.lib advapi32.lib shell32.lib ole32.lib oleaut32.lib uuid.lib odbc32.lib odbccp32.lib /MANIFEST /ManifestFile:"Debug\ninjad.exe.intermediate.manifest" /MANIFESTUAC:"level='asInvoker' uiAccess='false'" /DEBUG /PDB:"C:\Users\Ace\Documents\Visual Studio 2010\Projects\ninjad\ninjad\build\ninjad.pdb" /TLBID:1 /DYNAMICBASE /NXCOMPAT /IMPLIB:".\build\ninjad.lib" /MACHINE:X86 Debug\Block.obj
         Debug\Game.obj
         Debug\ImgHolder.obj
         Debug\Level.obj
         Debug\main.obj
         Debug\StdBlock.obj
         LINK : .\build\ninjad.exe not found or not built by the last incremental link; performing full link
         ninjad.vcxproj -> C:\Users\Ace\Documents\Visual Studio 2010\Projects\ninjad\ninjad\.\build\ninjad.exe
       Manifest:
         C:\Program Files (x86)\Microsoft SDKs\Windows\v7.0A\bin\mt.exe /nologo /verbose /outputresource:".\build\ninjad.exe;#1" /manifest Debug\ninjad.exe.intermediate.manifest
       FinalizeBuildStatus:
         Deleting file "Debug\ninjad.unsuccessfulbuild".
         Touching "Debug\ninjad.lastbuildstate".
     1>Done Building Project "C:\Users\Ace\Documents\Visual Studio 2010\Projects\ninjad\ninjad\ninjad.vcxproj" (build target(s)).

Build succeeded.

Time Elapsed 00:00:01.86
